-------------------------------------------------------------------------------
Test set: online.goudan.test.UserServiceTest
-------------------------------------------------------------------------------
Tests run: 2, Failures: 0, Errors: 1, Skipped: 0, Time elapsed: 0.714 s <<< FAILURE! - in online.goudan.test.UserServiceTest
test01(online.goudan.test.UserServiceTest)  Time elapsed: 0.685 s  <<< ERROR!
org.springframework.dao.DuplicateKeyException: 

### Error updating database.  Cause: com.mysql.jdbc.exceptions.jdbc4.MySQLIntegrityConstraintViolationException: Duplicate entry 'test' for key 'username'
### The error may involve online.goudan.mapper.TbUserMapper.insertSelective-Inline
### The error occurred while setting parameters
### SQL: INSERT INTO tb_user  ( id,user_name,password,name,age,sex,created ) VALUES( ?,?,?,?,?,?,? )
### Cause: com.mysql.jdbc.exceptions.jdbc4.MySQLIntegrityConstraintViolationException: Duplicate entry 'test' for key 'username'
; Duplicate entry 'test' for key 'username'; nested exception is com.mysql.jdbc.exceptions.jdbc4.MySQLIntegrityConstraintViolationException: Duplicate entry 'test' for key 'username'
	at online.goudan.test.UserServiceTest.test01(UserServiceTest.java:38)
Caused by: com.mysql.jdbc.exceptions.jdbc4.MySQLIntegrityConstraintViolationException: Duplicate entry 'test' for key 'username'
	at online.goudan.test.UserServiceTest.test01(UserServiceTest.java:38)

