<?xml version="1.0" encoding="UTF-8"?>
<testsuite xmlns:xsi="http://www.w3.org/2001/XMLSchema-instance" xsi:noNamespaceSchemaLocation="https://maven.apache.org/surefire/maven-surefire-plugin/xsd/surefire-test-report.xsd" name="online.goudan.test.RedisTest" time="3.644" tests="1" errors="1" skipped="0" failures="0">
  <properties>
[...]
</properties>
  <testcase name="test01" classname="online.goudan.test.RedisTest" time="0.348">
    <error message="Unable to connect to Redis; nested exception is io.lettuce.core.RedisConnectionException: Unable to connect to localhost:6379" type="org.springframework.data.redis.RedisConnectionFailureException">org.springframework.data.redis.RedisConnectionFailureException: Unable to connect to Redis; nested exception is io.lettuce.core.RedisConnectionException: Unable to connect to localhost:6379
	at online.goudan.test.RedisTest.test01(RedisTest.java:29)
Caused by: io.lettuce.core.RedisConnectionException: Unable to connect to localhost:6379
	at online.goudan.test.RedisTest.test01(RedisTest.java:29)
Caused by: io.netty.channel.AbstractChannel$AnnotatedConnectException: Connection refused: localhost/127.0.0.1:6379
Caused by: java.net.ConnectException: Connection refused
</error>
    <system-out><![CDATA[19:29:28.149 [main] DEBUG org.springframework.test.context.junit4.SpringJUnit4ClassRunner - SpringJUnit4ClassRunner constructor called with [class online.goudan.test.RedisTest]
19:29:28.154 [main] DEBUG org.springframework.test.context.BootstrapUtils - Instantiating CacheAwareContextLoaderDelegate from class [org.springframework.test.context.cache.DefaultCacheAwareContextLoaderDelegate]
19:29:28.161 [main] DEBUG org.springframework.test.context.BootstrapUtils - Instantiating BootstrapContext using constructor [public org.springframework.test.context.support.DefaultBootstrapContext(java.lang.Class,org.springframework.test.context.CacheAwareContextLoaderDelegate)]
19:29:28.178 [main] DEBUG org.springframework.test.context.BootstrapUtils - Instantiating TestContextBootstrapper for test class [online.goudan.test.RedisTest] from class [org.springframework.boot.test.context.SpringBootTestContextBootstrapper]
19:29:28.189 [main] INFO org.springframework.boot.test.context.SpringBootTestContextBootstrapper - Neither @ContextConfiguration nor @ContextHierarchy found for test class [online.goudan.test.RedisTest], using SpringBootContextLoader
19:29:28.193 [main] DEBUG org.springframework.test.context.support.AbstractContextLoader - Did not detect default resource location for test class [online.goudan.test.RedisTest]: class path resource [online/goudan/test/RedisTest-context.xml] does not exist
19:29:28.194 [main] DEBUG org.springframework.test.context.support.AbstractContextLoader - Did not detect default resource location for test class [online.goudan.test.RedisTest]: class path resource [online/goudan/test/RedisTestContext.groovy] does not exist
19:29:28.194 [main] INFO org.springframework.test.context.support.AbstractContextLoader - Could not detect default resource locations for test class [online.goudan.test.RedisTest]: no resource found for suffixes {-context.xml, Context.groovy}.
19:29:28.195 [main] INFO org.springframework.test.context.support.AnnotationConfigContextLoaderUtils - Could not detect default configuration classes for test class [online.goudan.test.RedisTest]: RedisTest does not declare any static, non-private, non-final, nested classes annotated with @Configuration.
19:29:28.250 [main] DEBUG org.springframework.test.context.support.ActiveProfilesUtils - Could not find an 'annotation declaring class' for annotation type [org.springframework.test.context.ActiveProfiles] and class [online.goudan.test.RedisTest]
19:29:28.362 [main] DEBUG org.springframework.context.annotation.ClassPathScanningCandidateComponentProvider - Identified candidate component class: file [/Users/Cary/IDEAProject/study-demo/springboot/springboot-01/target/classes/online/goudan/Application.class]
19:29:28.364 [main] INFO org.springframework.boot.test.context.SpringBootTestContextBootstrapper - Found @SpringBootConfiguration online.goudan.Application for test class online.goudan.test.RedisTest
19:29:28.444 [main] DEBUG org.springframework.boot.test.context.SpringBootTestContextBootstrapper - @TestExecutionListeners is not present for class [online.goudan.test.RedisTest]: using defaults.
19:29:28.445 [main] INFO org.springframework.boot.test.context.SpringBootTestContextBootstrapper - Loaded default TestExecutionListener class names from location [META-INF/spring.factories]: [org.springframework.boot.test.mock.mockito.MockitoTestExecutionListener, org.springframework.boot.test.mock.mockito.ResetMocksTestExecutionListener, org.springframework.boot.test.autoconfigure.restdocs.RestDocsTestExecutionListener, org.springframework.boot.test.autoconfigure.web.client.MockRestServiceServerResetTestExecutionListener, org.springframework.boot.test.autoconfigure.web.servlet.MockMvcPrintOnlyOnFailureTestExecutionListener, org.springframework.boot.test.autoconfigure.web.servlet.WebDriverTestExecutionListener, org.springframework.test.context.web.ServletTestExecutionListener, org.springframework.test.context.support.DirtiesContextBeforeModesTestExecutionListener, org.springframework.test.context.support.DependencyInjectionTestExecutionListener, org.springframework.test.context.support.DirtiesContextTestExecutionListener, org.springframework.test.context.transaction.TransactionalTestExecutionListener, org.springframework.test.context.jdbc.SqlScriptsTestExecutionListener]
19:29:28.459 [main] INFO org.springframework.boot.test.context.SpringBootTestContextBootstrapper - Using TestExecutionListeners: [org.springframework.test.context.web.ServletTestExecutionListener@7b9a4292, org.springframework.test.context.support.DirtiesContextBeforeModesTestExecutionListener@4a94ee4, org.springframework.boot.test.mock.mockito.MockitoTestExecutionListener@4cc451f2, org.springframework.boot.test.autoconfigure.SpringBootDependencyInjectionTestExecutionListener@6379eb, org.springframework.test.context.support.DirtiesContextTestExecutionListener@294425a7, org.springframework.test.context.transaction.TransactionalTestExecutionListener@67d48005, org.springframework.test.context.jdbc.SqlScriptsTestExecutionListener@9f116cc, org.springframework.boot.test.mock.mockito.ResetMocksTestExecutionListener@12468a38, org.springframework.boot.test.autoconfigure.restdocs.RestDocsTestExecutionListener@1aa7ecca, org.springframework.boot.test.autoconfigure.web.client.MockRestServiceServerResetTestExecutionListener@59309333, org.springframework.boot.test.autoconfigure.web.servlet.MockMvcPrintOnlyOnFailureTestExecutionListener@5876a9af, org.springframework.boot.test.autoconfigure.web.servlet.WebDriverTestExecutionListener@7ec7ffd3]
19:29:28.461 [main] DEBUG org.springframework.test.annotation.ProfileValueUtils - Retrieved @ProfileValueSourceConfiguration [null] for test class [online.goudan.test.RedisTest]
19:29:28.462 [main] DEBUG org.springframework.test.annotation.ProfileValueUtils - Retrieved ProfileValueSource type [class org.springframework.test.annotation.SystemProfileValueSource] for class [online.goudan.test.RedisTest]
19:29:28.464 [main] DEBUG org.springframework.test.annotation.ProfileValueUtils - Retrieved @ProfileValueSourceConfiguration [null] for test class [online.goudan.test.RedisTest]
19:29:28.464 [main] DEBUG org.springframework.test.annotation.ProfileValueUtils - Retrieved ProfileValueSource type [class org.springframework.test.annotation.SystemProfileValueSource] for class [online.goudan.test.RedisTest]
19:29:28.465 [main] DEBUG org.springframework.test.annotation.ProfileValueUtils - Retrieved @ProfileValueSourceConfiguration [null] for test class [online.goudan.test.RedisTest]
19:29:28.465 [main] DEBUG org.springframework.test.annotation.ProfileValueUtils - Retrieved ProfileValueSource type [class org.springframework.test.annotation.SystemProfileValueSource] for class [online.goudan.test.RedisTest]
19:29:28.469 [main] DEBUG org.springframework.test.context.support.AbstractDirtiesContextTestExecutionListener - Before test class: context [DefaultTestContext@3febb011 testClass = RedisTest, testInstance = [null], testMethod = [null], testException = [null], mergedContextConfiguration = [WebMergedContextConfiguration@10e31a9a testClass = RedisTest, locations = '{}', classes = '{class online.goudan.Application}', contextInitializerClasses = '[]', activeProfiles = '{}', propertySourceLocations = '{}', propertySourceProperties = '{org.springframework.boot.test.context.SpringBootTestContextBootstrapper=true}', contextCustomizers = set[org.springframework.boot.test.context.filter.ExcludeFilterContextCustomizer@4d50efb8, org.springframework.boot.test.json.DuplicateJsonObjectContextCustomizerFactory$DuplicateJsonObjectContextCustomizer@307f6b8c, org.springframework.boot.test.mock.mockito.MockitoContextCustomizer@0, org.springframework.boot.test.web.client.TestRestTemplateContextCustomizer@7ce6a65d, org.springframework.boot.test.autoconfigure.properties.PropertyMappingContextCustomizer@0, org.springframework.boot.test.autoconfigure.web.servlet.WebDriverContextCustomizerFactory$Customizer@7a3d45bd], resourceBasePath = 'src/main/webapp', contextLoader = 'org.springframework.boot.test.context.SpringBootContextLoader', parent = [null]], attributes = map['org.springframework.test.context.web.ServletTestExecutionListener.activateListener' -> true]], class annotated with @DirtiesContext [false] with mode [null].
19:29:28.469 [main] DEBUG org.springframework.test.annotation.ProfileValueUtils - Retrieved @ProfileValueSourceConfiguration [null] for test class [online.goudan.test.RedisTest]
19:29:28.469 [main] DEBUG org.springframework.test.annotation.ProfileValueUtils - Retrieved ProfileValueSource type [class org.springframework.test.annotation.SystemProfileValueSource] for class [online.goudan.test.RedisTest]
19:29:28.485 [main] DEBUG org.springframework.test.context.support.TestPropertySourceUtils - Adding inlined properties to environment: {spring.jmx.enabled=false, org.springframework.boot.test.context.SpringBootTestContextBootstrapper=true, server.port=-1}

  .   ____          _            __ _ _
 /\\ / ___'_ __ _ _(_)_ __  __ _ \ \ \ \
( ( )\___ | '_ | '_| | '_ \/ _` | \ \ \ \
 \\/  ___)| |_)| | | | | || (_| |  ) ) ) )
  '  |____| .__|_| |_|_| |_\__, | / / / /
 =========|_|==============|___/=/_/_/_/
 :: Spring Boot ::        (v2.1.5.RELEASE)

2020-09-23 19:29:28.747  INFO 14135 --- [           main] online.goudan.test.RedisTest             : Starting RedisTest on goudan.local with PID 14135 (started by chenglongliu in /Users/Cary/IDEAProject/study-demo/springboot/springboot-01)
2020-09-23 19:29:28.748 DEBUG 14135 --- [           main] online.goudan.test.RedisTest             : Running with Spring Boot v2.1.5.RELEASE, Spring v5.1.7.RELEASE
2020-09-23 19:29:28.748  INFO 14135 --- [           main] online.goudan.test.RedisTest             : The following profiles are active: 123,abc
2020-09-23 19:29:29.293  INFO 14135 --- [           main] .s.d.r.c.RepositoryConfigurationDelegate : Multiple Spring Data modules found, entering strict repository configuration mode!
2020-09-23 19:29:29.296  INFO 14135 --- [           main] .s.d.r.c.RepositoryConfigurationDelegate : Bootstrapping Spring Data repositories in DEFAULT mode.
2020-09-23 19:29:29.330  INFO 14135 --- [           main] .s.d.r.c.RepositoryConfigurationDelegate : Finished Spring Data repository scanning in 22ms. Found 0 repository interfaces.
2020-09-23 19:29:29.687  INFO 14135 --- [           main] trationDelegate$BeanPostProcessorChecker : Bean 'org.springframework.transaction.annotation.ProxyTransactionManagementConfiguration' of type [org.springframework.transaction.annotation.ProxyTransactionManagementConfiguration$$EnhancerBySpringCGLIB$$65ccf12] is not eligible for getting processed by all BeanPostProcessors (for example: not eligible for auto-proxying)
Logging initialized using 'class org.apache.ibatis.logging.stdout.StdOutImpl' adapter.
Using VFS adapter tk.mybatis.mapper.autoconfigure.SpringBootVFS
Checking to see if class online.goudan.pojo.TbUser matches criteria [is assignable to Object]
Scanned package: 'online.goudan.pojo' for aliases
Property 'mapperLocations' was not specified or no matching resources found
2020-09-23 19:29:30.603  INFO 14135 --- [           main] o.s.s.concurrent.ThreadPoolTaskExecutor  : Initializing ExecutorService 'applicationTaskExecutor'
2020-09-23 19:29:31.283  INFO 14135 --- [           main] t.m.m.autoconfigure.MapperCacheDisabler  : Clear tk.mybatis.mapper.util.MsUtil CLASS_CACHE cache.
2020-09-23 19:29:31.283  INFO 14135 --- [           main] t.m.m.autoconfigure.MapperCacheDisabler  : Clear tk.mybatis.mapper.genid.GenIdUtil CACHE cache.
2020-09-23 19:29:31.284  INFO 14135 --- [           main] t.m.m.autoconfigure.MapperCacheDisabler  : Clear tk.mybatis.mapper.version.VersionUtil CACHE cache.
2020-09-23 19:29:31.284  INFO 14135 --- [           main] t.m.m.autoconfigure.MapperCacheDisabler  : Clear EntityHelper entityTableMap cache.
2020-09-23 19:29:31.303  INFO 14135 --- [           main] online.goudan.test.RedisTest             : Started RedisTest in 2.81 seconds (JVM running for 3.505)
2020-09-23 19:29:31.541  INFO 14135 --- [           main] io.lettuce.core.EpollProvider            : Starting without optional epoll library
2020-09-23 19:29:31.542  INFO 14135 --- [           main] io.lettuce.core.KqueueProvider           : Starting without optional kqueue library
]]></system-out>
  </testcase>
</testsuite>