<?xml version="1.0" encoding="UTF-8"?>
<testsuite xmlns:xsi="http://www.w3.org/2001/XMLSchema-instance" xsi:noNamespaceSchemaLocation="https://maven.apache.org/surefire/maven-surefire-plugin/xsd/surefire-test-report.xsd" name="online.goudan.test.UserServiceTest" time="0.714" tests="2" errors="1" skipped="0" failures="0">
  <properties>
[...]
</properties>
  <testcase name="test01" classname="online.goudan.test.UserServiceTest" time="0.685">
    <error message="&#10;### Error updating database.  Cause: com.mysql.jdbc.exceptions.jdbc4.MySQLIntegrityConstraintViolationException: Duplicate entry &apos;test&apos; for key &apos;username&apos;&#10;### The error may involve online.goudan.mapper.TbUserMapper.insertSelective-Inline&#10;### The error occurred while setting parameters&#10;### SQL: INSERT INTO tb_user  ( id,user_name,password,name,age,sex,created ) VALUES( ?,?,?,?,?,?,? )&#10;### Cause: com.mysql.jdbc.exceptions.jdbc4.MySQLIntegrityConstraintViolationException: Duplicate entry &apos;test&apos; for key &apos;username&apos;&#10;; Duplicate entry &apos;test&apos; for key &apos;username&apos;; nested exception is com.mysql.jdbc.exceptions.jdbc4.MySQLIntegrityConstraintViolationException: Duplicate entry &apos;test&apos; for key &apos;username&apos;" type="org.springframework.dao.DuplicateKeyException">org.springframework.dao.DuplicateKeyException: 

### Error updating database.  Cause: com.mysql.jdbc.exceptions.jdbc4.MySQLIntegrityConstraintViolationException: Duplicate entry 'test' for key 'username'
### The error may involve online.goudan.mapper.TbUserMapper.insertSelective-Inline
### The error occurred while setting parameters
### SQL: INSERT INTO tb_user  ( id,user_name,password,name,age,sex,created ) VALUES( ?,?,?,?,?,?,? )
### Cause: com.mysql.jdbc.exceptions.jdbc4.MySQLIntegrityConstraintViolationException: Duplicate entry 'test' for key 'username'
; Duplicate entry 'test' for key 'username'; nested exception is com.mysql.jdbc.exceptions.jdbc4.MySQLIntegrityConstraintViolationException: Duplicate entry 'test' for key 'username'
	at online.goudan.test.UserServiceTest.test01(UserServiceTest.java:38)
Caused by: com.mysql.jdbc.exceptions.jdbc4.MySQLIntegrityConstraintViolationException: Duplicate entry 'test' for key 'username'
	at online.goudan.test.UserServiceTest.test01(UserServiceTest.java:38)
</error>
    <system-out><![CDATA[2020-09-23 19:29:31.667  INFO 14135 --- [           main] .b.t.c.SpringBootTestContextBootstrapper : Neither @ContextConfiguration nor @ContextHierarchy found for test class [online.goudan.test.UserServiceTest], using SpringBootContextLoader
2020-09-23 19:29:31.667  INFO 14135 --- [           main] o.s.t.c.support.AbstractContextLoader    : Could not detect default resource locations for test class [online.goudan.test.UserServiceTest]: no resource found for suffixes {-context.xml, Context.groovy}.
2020-09-23 19:29:31.668  INFO 14135 --- [           main] t.c.s.AnnotationConfigContextLoaderUtils : Could not detect default configuration classes for test class [online.goudan.test.UserServiceTest]: UserServiceTest does not declare any static, non-private, non-final, nested classes annotated with @Configuration.
2020-09-23 19:29:31.669  INFO 14135 --- [           main] .b.t.c.SpringBootTestContextBootstrapper : Found @SpringBootConfiguration online.goudan.Application for test class online.goudan.test.UserServiceTest
2020-09-23 19:29:31.670  INFO 14135 --- [           main] .b.t.c.SpringBootTestContextBootstrapper : Loaded default TestExecutionListener class names from location [META-INF/spring.factories]: [org.springframework.boot.test.mock.mockito.MockitoTestExecutionListener, org.springframework.boot.test.mock.mockito.ResetMocksTestExecutionListener, org.springframework.boot.test.autoconfigure.restdocs.RestDocsTestExecutionListener, org.springframework.boot.test.autoconfigure.web.client.MockRestServiceServerResetTestExecutionListener, org.springframework.boot.test.autoconfigure.web.servlet.MockMvcPrintOnlyOnFailureTestExecutionListener, org.springframework.boot.test.autoconfigure.web.servlet.WebDriverTestExecutionListener, org.springframework.test.context.web.ServletTestExecutionListener, org.springframework.test.context.support.DirtiesContextBeforeModesTestExecutionListener, org.springframework.test.context.support.DependencyInjectionTestExecutionListener, org.springframework.test.context.support.DirtiesContextTestExecutionListener, org.springframework.test.context.transaction.TransactionalTestExecutionListener, org.springframework.test.context.jdbc.SqlScriptsTestExecutionListener]
2020-09-23 19:29:31.671  INFO 14135 --- [           main] .b.t.c.SpringBootTestContextBootstrapper : Using TestExecutionListeners: [org.springframework.test.context.web.ServletTestExecutionListener@93501be, org.springframework.test.context.support.DirtiesContextBeforeModesTestExecutionListener@11d4d979, org.springframework.boot.test.mock.mockito.MockitoTestExecutionListener@195580ba, org.springframework.boot.test.autoconfigure.SpringBootDependencyInjectionTestExecutionListener@3c25cfe1, org.springframework.test.context.support.DirtiesContextTestExecutionListener@1d3c112a, org.springframework.test.context.transaction.TransactionalTestExecutionListener@2a140ce5, org.springframework.test.context.jdbc.SqlScriptsTestExecutionListener@1f71194d, org.springframework.boot.test.mock.mockito.ResetMocksTestExecutionListener@db99785, org.springframework.boot.test.autoconfigure.restdocs.RestDocsTestExecutionListener@70716259, org.springframework.boot.test.autoconfigure.web.client.MockRestServiceServerResetTestExecutionListener@7a083b96, org.springframework.boot.test.autoconfigure.web.servlet.MockMvcPrintOnlyOnFailureTestExecutionListener@6da4feeb, org.springframework.boot.test.autoconfigure.web.servlet.WebDriverTestExecutionListener@2c604965]
2020-09-23 19:29:31.679  INFO 14135 --- [           main] com.zaxxer.hikari.HikariDataSource       : HikariPool-1 - Starting...
2020-09-23 19:29:32.231  INFO 14135 --- [           main] com.zaxxer.hikari.HikariDataSource       : HikariPool-1 - Start completed.
Creating a new SqlSession
Registering transaction synchronization for SqlSession [org.apache.ibatis.session.defaults.DefaultSqlSession@77a0dd63]
JDBC Connection [HikariProxyConnection@2117938877 wrapping com.mysql.jdbc.JDBC4Connection@2b43f314] will be managed by Spring
==>  Preparing: INSERT INTO tb_user ( id,user_name,password,name,age,sex,created ) VALUES( ?,?,?,?,?,?,? ) 
==> Parameters: null, test(String), 123456(String), test(String), 31(Integer), 2(Integer), 2020-09-23 19:29:31.674(Timestamp)
Releasing transactional SqlSession [org.apache.ibatis.session.defaults.DefaultSqlSession@77a0dd63]
Transaction synchronization deregistering SqlSession [org.apache.ibatis.session.defaults.DefaultSqlSession@77a0dd63]
Transaction synchronization closing SqlSession [org.apache.ibatis.session.defaults.DefaultSqlSession@77a0dd63]
]]></system-out>
    <system-err><![CDATA[Wed Sep 23 19:29:31 CST 2020 WARN: Establishing SSL connection without server's identity verification is not recommended. According to MySQL 5.5.45+, 5.6.26+ and 5.7.6+ requirements SSL connection must be established by default if explicit option isn't set. For compliance with existing applications not using SSL the verifyServerCertificate property is set to 'false'. You need either to explicitly disable SSL by setting useSSL=false, or set useSSL=true and provide truststore for server certificate verification.
Wed Sep 23 19:29:32 CST 2020 WARN: Establishing SSL connection without server's identity verification is not recommended. According to MySQL 5.5.45+, 5.6.26+ and 5.7.6+ requirements SSL connection must be established by default if explicit option isn't set. For compliance with existing applications not using SSL the verifyServerCertificate property is set to 'false'. You need either to explicitly disable SSL by setting useSSL=false, or set useSSL=true and provide truststore for server certificate verification.
Wed Sep 23 19:29:32 CST 2020 WARN: Establishing SSL connection without server's identity verification is not recommended. According to MySQL 5.5.45+, 5.6.26+ and 5.7.6+ requirements SSL connection must be established by default if explicit option isn't set. For compliance with existing applications not using SSL the verifyServerCertificate property is set to 'false'. You need either to explicitly disable SSL by setting useSSL=false, or set useSSL=true and provide truststore for server certificate verification.
Wed Sep 23 19:29:32 CST 2020 WARN: Establishing SSL connection without server's identity verification is not recommended. According to MySQL 5.5.45+, 5.6.26+ and 5.7.6+ requirements SSL connection must be established by default if explicit option isn't set. For compliance with existing applications not using SSL the verifyServerCertificate property is set to 'false'. You need either to explicitly disable SSL by setting useSSL=false, or set useSSL=true and provide truststore for server certificate verification.
]]></system-err>
  </testcase>
  <testcase name="test02" classname="online.goudan.test.UserServiceTest" time="0.022"/>
</testsuite>